#
# There is insufficient memory for the Java Runtime Environment to continue.
# Native memory allocation (malloc) failed to allocate 574800 bytes for Chunk::new
# Possible reasons:
#   The system is out of physical RAM or swap space
#   In 32 bit mode, the process size limit was hit
# Possible solutions:
#   Reduce memory load on the system
#   Increase physical memory or swap space
#   Check if swap backing store is full
#   Use 64 bit Java on a 64 bit OS
#   Decrease Java heap size (-Xmx/-Xms)
#   Decrease number of Java threads
#   Decrease Java thread stack sizes (-Xss)
#   Set larger code cache with -XX:ReservedCodeCacheSize=
# This output file may be truncated or incomplete.
#
#  Out of Memory Error (allocation.cpp:323), pid=5192, tid=3432
#
# JRE version: Java(TM) SE Runtime Environment (7.0_75-b13) (build 1.7.0_75-b13)
# Java VM: Java HotSpot(TM) 64-Bit Server VM (24.75-b04 mixed mode windows-amd64 compressed oops)
# Failed to write core dump. Minidumps are not enabled by default on client versions of Windows
#

---------------  T H R E A D  ---------------

Current thread (0x000000000d8f4800):  JavaThread "C2 CompilerThread1" daemon [_thread_in_native, id=3432, stack(0x000000000d4e0000,0x000000000d5e0000)]

Stack: [0x000000000d4e0000,0x000000000d5e0000]
[error occurred during error reporting (printing stack bounds), id 0xc0000005]

Native frames: (J=compiled Java code, j=interpreted, Vv=VM code, C=native code)
C  0x000000000dfd5820


Current CompileTask:
C2:5059678 3288   !         org.codehaus.groovy.util.AbstractConcurrentMap$Segment::put (382 bytes)


---------------  P R O C E S S  ---------------

Java Threads: ( => current thread )
  0x000000000ea21800 JavaThread "Stdin handler" [_thread_blocked, id=1144, stack(0x00000000101b0000,0x00000000102b0000)]
  0x000000000ea24800 JavaThread "Daemon worker Thread 19" [_thread_in_Java, id=3232, stack(0x000000000f800000,0x000000000f900000)]
  0x000000000ea22000 JavaThread "Cancel handler" [_thread_blocked, id=4968, stack(0x000000000ff00000,0x0000000010000000)]
  0x000000000ea23800 JavaThread "Handler for socket connection from /127.0.0.1:18173 to /127.0.0.1:46101" [_thread_in_native, id=5412, stack(0x000000000fdb0000,0x000000000feb0000)]
  0x000000000ea23000 JavaThread "Daemon Thread 19" [_thread_blocked, id=6944, stack(0x000000000fc30000,0x000000000fd30000)]
  0x000000000ecd3000 JavaThread "File lock request listener" [_thread_in_native, id=6128, stack(0x0000000010350000,0x0000000010450000)]
  0x000000000e5b6000 JavaThread "Incoming local TCP Connector on port 18173" [_thread_in_native, id=3504, stack(0x000000000fa70000,0x000000000fb70000)]
  0x000000000d8f6000 JavaThread "Service Thread" daemon [_thread_blocked, id=1344, stack(0x000000000dd30000,0x000000000de30000)]
=>0x000000000d8f4800 JavaThread "C2 CompilerThread1" daemon [_thread_in_native, id=3432, stack(0x000000000d4e0000,0x000000000d5e0000)]
  0x000000000befe000 JavaThread "C2 CompilerThread0" daemon [_thread_blocked, id=5288, stack(0x000000000d7f0000,0x000000000d8f0000)]
  0x000000000befb000 JavaThread "Attach Listener" daemon [_thread_blocked, id=6564, stack(0x000000000d5e0000,0x000000000d6e0000)]
  0x000000000bee4000 JavaThread "Signal Dispatcher" daemon [_thread_blocked, id=1692, stack(0x000000000d3e0000,0x000000000d4e0000)]
  0x000000000be89800 JavaThread "Finalizer" daemon [_thread_blocked, id=7108, stack(0x000000000d2a0000,0x000000000d3a0000)]
  0x000000000be82800 JavaThread "Reference Handler" daemon [_thread_blocked, id=5208, stack(0x000000000d150000,0x000000000d250000)]
  0x00000000023de800 JavaThread "main" [_thread_blocked, id=4860, stack(0x0000000002760000,0x0000000002860000)]

Other Threads:
  0x000000000be7f800 VMThread [stack: 0x000000000cff0000,0x000000000d0f0000] [id=1920]
  0x000000000d910800 WatcherThread [stack: 0x000000000de80000,0x000000000df80000] [id=3164]

VM state:not at safepoint (normal execution)

VM Mutex/Monitor currently owned by a thread: None

Heap
 PSYoungGen      total 632832K, used 202257K [0x00000007d5500000, 0x0000000800000000, 0x0000000800000000)
  eden space 566272K, 35% used [0x00000007d5500000,0x00000007e1a84758,0x00000007f7e00000)
  from space 66560K, 0% used [0x00000007f7e00000,0x00000007f7e00000,0x00000007fbf00000)
  to   space 62976K, 0% used [0x00000007fc280000,0x00000007fc280000,0x0000000800000000)
 ParOldGen       total 327168K, used 242519K [0x0000000780000000, 0x0000000793f80000, 0x00000007d5500000)
  object space 327168K, 74% used [0x0000000780000000,0x000000078ecd5d30,0x0000000793f80000)
 PSPermGen       total 286720K, used 269864K [0x0000000760000000, 0x0000000771800000, 0x0000000780000000)
  object space 286720K, 94% used [0x0000000760000000,0x000000077078a340,0x0000000771800000)

Card table byte_map: [0x0000000005860000,0x0000000005d70000] byte_map_base: 0x0000000001d60000

Polling page: 0x0000000000230000

Code Cache  [0x0000000002860000, 0x00000000034a0000, 0x0000000005860000)
 total_blobs=3678 nmethods=3045 adapters=585 free_code_cache=36802Kb largest_free_block=37530240

Compilation events (10 events):
Event: 4155.962 Thread 0x000000000befe000 nmethod 3283 0x0000000003446d50 code [0x0000000003446e80, 0x0000000003446ed8]
Event: 4156.761 Thread 0x000000000d8f4800 3284             com.android.builder.signing.SignedJarBuilder$CountOutputStream::write (16 bytes)
Event: 4156.764 Thread 0x000000000d8f4800 nmethod 3284 0x0000000003446550 code [0x00000000034466a0, 0x0000000003446ac8]
Event: 5054.427 Thread 0x000000000befe000 3285             sun.misc.IOUtils::readFully (138 bytes)
Event: 5054.435 Thread 0x000000000befe000 nmethod 3285 0x0000000003447d10 code [0x0000000003447e80, 0x0000000003448538]
Event: 5058.017 Thread 0x000000000d8f4800 3286             org.codehaus.groovy.util.AbstractConcurrentMapBase$Segment::rehash (378 bytes)
Event: 5058.040 Thread 0x000000000d8f4800 nmethod 3286 0x0000000003462ed0 code [0x0000000003463100, 0x0000000003464098]
Event: 5058.059 Thread 0x000000000befe000 3287             org.codehaus.groovy.reflection.ParameterTypes::makeCommonArray (55 bytes)
Event: 5058.063 Thread 0x000000000befe000 nmethod 3287 0x0000000003462850 code [0x00000000034629a0, 0x0000000003462c48]
Event: 5058.378 Thread 0x000000000d8f4800 3288   !         org.codehaus.groovy.util.AbstractConcurrentMap$Segment::put (382 bytes)

GC Heap History (10 events):
Event: 3951.437 GC heap before
{Heap before GC invocations=42 (full 19):
 PSYoungGen      total 632832K, used 575488K [0x00000007d5500000, 0x00000007ffb00000, 0x0000000800000000)
  eden space 575488K, 100% used [0x00000007d5500000,0x00000007f8700000,0x00000007f8700000)
  from space 57344K, 0% used [0x00000007fc300000,0x00000007fc300000,0x00000007ffb00000)
  to   space 59392K, 0% used [0x00000007f8700000,0x00000007f8700000,0x00000007fc100000)
 ParOldGen       total 327168K, used 250295K [0x0000000780000000, 0x0000000793f80000, 0x00000007d5500000)
  object space 327168K, 76% used [0x0000000780000000,0x000000078f46df90,0x0000000793f80000)
 PSPermGen       total 261120K, used 255015K [0x0000000760000000, 0x000000076ff00000, 0x0000000780000000)
  object space 261120K, 97% used [0x0000000760000000,0x000000076f909db0,0x000000076ff00000)
Event: 3951.510 GC heap after
Heap after GC invocations=42 (full 19):
 PSYoungGen      total 629248K, used 53271K [0x00000007d5500000, 0x0000000800000000, 0x0000000800000000)
  eden space 575488K, 0% used [0x00000007d5500000,0x00000007d5500000,0x00000007f8700000)
  from space 53760K, 99% used [0x00000007f8700000,0x00000007fbb05d38,0x00000007fbb80000)
  to   space 66048K, 0% used [0x00000007fbf80000,0x00000007fbf80000,0x0000000800000000)
 ParOldGen       total 327168K, used 250295K [0x0000000780000000, 0x0000000793f80000, 0x00000007d5500000)
  object space 327168K, 76% used [0x0000000780000000,0x000000078f46df90,0x0000000793f80000)
 PSPermGen       total 261120K, used 255015K [0x0000000760000000, 0x000000076ff00000, 0x0000000780000000)
  object space 261120K, 97% used [0x0000000760000000,0x000000076f909db0,0x000000076ff00000)
}
Event: 3965.126 GC heap before
{Heap before GC invocations=43 (full 19):
 PSYoungGen      total 629248K, used 174258K [0x00000007d5500000, 0x0000000800000000, 0x0000000800000000)
  eden space 575488K, 21% used [0x00000007d5500000,0x00000007dcb26c68,0x00000007f8700000)
  from space 53760K, 99% used [0x00000007f8700000,0x00000007fbb05d38,0x00000007fbb80000)
  to   space 66048K, 0% used [0x00000007fbf80000,0x00000007fbf80000,0x0000000800000000)
 ParOldGen       total 327168K, used 250295K [0x0000000780000000, 0x0000000793f80000, 0x00000007d5500000)
  object space 327168K, 76% used [0x0000000780000000,0x000000078f46df90,0x0000000793f80000)
 PSPermGen       total 261120K, used 256022K [0x0000000760000000, 0x000000076ff00000, 0x0000000780000000)
  object space 261120K, 98% used [0x0000000760000000,0x000000076fa05a50,0x000000076ff00000)
Event: 3965.178 GC heap after
Heap after GC invocations=43 (full 19):
 PSYoungGen      total 632320K, used 4427K [0x00000007d5500000, 0x0000000800000000, 0x0000000800000000)
  eden space 566272K, 0% used [0x00000007d5500000,0x00000007d5500000,0x00000007f7e00000)
  from space 66048K, 6% used [0x00000007fbf80000,0x00000007fc3d2e28,0x0000000800000000)
  to   space 66560K, 0% used [0x00000007f7e00000,0x00000007f7e00000,0x00000007fbf00000)
 ParOldGen       total 327168K, used 281835K [0x0000000780000000, 0x0000000793f80000, 0x00000007d5500000)
  object space 327168K, 86% used [0x0000000780000000,0x000000079133ae10,0x0000000793f80000)
 PSPermGen       total 261120K, used 256022K [0x0000000760000000, 0x000000076ff00000, 0x0000000780000000)
  object space 261120K, 98% used [0x0000000760000000,0x000000076fa05a50,0x000000076ff00000)
}
Event: 3965.178 GC heap before
{Heap before GC invocations=44 (full 20):
 PSYoungGen      total 632320K, used 4427K [0x00000007d5500000, 0x0000000800000000, 0x0000000800000000)
  eden space 566272K, 0% used [0x00000007d5500000,0x00000007d5500000,0x00000007f7e00000)
  from space 66048K, 6% used [0x00000007fbf80000,0x00000007fc3d2e28,0x0000000800000000)
  to   space 66560K, 0% used [0x00000007f7e00000,0x00000007f7e00000,0x00000007fbf00000)
 ParOldGen       total 327168K, used 281835K [0x0000000780000000, 0x0000000793f80000, 0x00000007d5500000)
  object space 327168K, 86% used [0x0000000780000000,0x000000079133ae10,0x0000000793f80000)
 PSPermGen       total 261120K, used 256022K [0x0000000760000000, 0x000000076ff00000, 0x0000000780000000)
  object space 261120K, 98% used [0x0000000760000000,0x000000076fa05a50,0x000000076ff00000)
Event: 3966.377 GC heap after
Heap after GC invocations=44 (full 20):
 PSYoungGen      total 632320K, used 0K [0x00000007d5500000, 0x0000000800000000, 0x0000000800000000)
  eden space 566272K, 0% used [0x00000007d5500000,0x00000007d5500000,0x00000007f7e00000)
  from space 66048K, 0% used [0x00000007fbf80000,0x00000007fbf80000,0x0000000800000000)
  to   space 66560K, 0% used [0x00000007f7e00000,0x00000007f7e00000,0x00000007fbf00000)
 ParOldGen       total 327168K, used 260927K [0x0000000780000000, 0x0000000793f80000, 0x00000007d5500000)
  object space 327168K, 79% used [0x0000000780000000,0x000000078fecff80,0x0000000793f80000)
 PSPermGen       total 283136K, used 255536K [0x0000000760000000, 0x0000000771480000, 0x0000000780000000)
  object space 283136K, 90% used [0x0000000760000000,0x000000076f98c020,0x0000000771480000)
}
Event: 4157.797 GC heap before
{Heap before GC invocations=45 (full 20):
 PSYoungGen      total 632320K, used 383659K [0x00000007d5500000, 0x0000000800000000, 0x0000000800000000)
  eden space 566272K, 67% used [0x00000007d5500000,0x00000007ecbaacc8,0x00000007f7e00000)
  from space 66048K, 0% used [0x00000007fbf80000,0x00000007fbf80000,0x0000000800000000)
  to   space 66560K, 0% used [0x00000007f7e00000,0x00000007f7e00000,0x00000007fbf00000)
 ParOldGen       total 327168K, used 260927K [0x0000000780000000, 0x0000000793f80000, 0x00000007d5500000)
  object space 327168K, 79% used [0x0000000780000000,0x000000078fecff80,0x0000000793f80000)
 PSPermGen       total 283136K, used 265576K [0x0000000760000000, 0x0000000771480000, 0x0000000780000000)
  object space 283136K, 93% used [0x0000000760000000,0x000000077035a260,0x0000000771480000)
Event: 4157.832 GC heap after
Heap after GC invocations=45 (full 20):
 PSYoungGen      total 632832K, used 27201K [0x00000007d5500000, 0x0000000800000000, 0x0000000800000000)
  eden space 566272K, 0% used [0x00000007d5500000,0x00000007d5500000,0x00000007f7e00000)
  from space 66560K, 40% used [0x00000007f7e00000,0x00000007f9890598,0x00000007fbf00000)
  to   space 62976K, 0% used [0x00000007fc280000,0x00000007fc280000,0x0000000800000000)
 ParOldGen       total 327168K, used 260927K [0x0000000780000000, 0x0000000793f80000, 0x00000007d5500000)
  object space 327168K, 79% used [0x0000000780000000,0x000000078fecff80,0x0000000793f80000)
 PSPermGen       total 283136K, used 265576K [0x0000000760000000, 0x0000000771480000, 0x0000000780000000)
  object space 283136K, 93% used [0x0000000760000000,0x000000077035a260,0x0000000771480000)
}
Event: 4157.832 GC heap before
{Heap before GC invocations=46 (full 21):
 PSYoungGen      total 632832K, used 27201K [0x00000007d5500000, 0x0000000800000000, 0x0000000800000000)
  eden space 566272K, 0% used [0x00000007d5500000,0x00000007d5500000,0x00000007f7e00000)
  from space 66560K, 40% used [0x00000007f7e00000,0x00000007f9890598,0x00000007fbf00000)
  to   space 62976K, 0% used [0x00000007fc280000,0x00000007fc280000,0x0000000800000000)
 ParOldGen       total 327168K, used 260927K [0x0000000780000000, 0x0000000793f80000, 0x00000007d5500000)
  object space 327168K, 79% used [0x0000000780000000,0x000000078fecff80,0x0000000793f80000)
 PSPermGen       total 283136K, used 265576K [0x0000000760000000, 0x0000000771480000, 0x0000000780000000)
  object space 283136K, 93% used [0x0000000760000000,0x000000077035a260,0x0000000771480000)
Event: 4159.326 GC heap after
Heap after GC invocations=46 (full 21):
 PSYoungGen      total 632832K, used 0K [0x00000007d5500000, 0x0000000800000000, 0x0000000800000000)
  eden space 566272K, 0% used [0x00000007d5500000,0x00000007d5500000,0x00000007f7e00000)
  from space 66560K, 0% used [0x00000007f7e00000,0x00000007f7e00000,0x00000007fbf00000)
  to   space 62976K, 0% used [0x00000007fc280000,0x00000007fc280000,0x0000000800000000)
 ParOldGen       total 327168K, used 242519K [0x0000000780000000, 0x0000000793f80000, 0x00000007d5500000)
  object space 327168K, 74% used [0x0000000780000000,0x000000078ecd5d30,0x0000000793f80000)
 PSPermGen       total 286720K, used 261471K [0x0000000760000000, 0x0000000771800000, 0x0000000780000000)
  object space 286720K, 91% used [0x0000000760000000,0x000000076ff57c58,0x0000000771800000)
}

Deoptimization events (10 events):
Event: 3957.884 Thread 0x000000000ea20800 Uncommon trap: reason=bimorphic action=maybe_recompile pc=0x00000000031db648 method=sun.nio.cs.StreamEncoder.writeBytes()V @ 120
Event: 3957.884 Thread 0x000000000ea20800 Uncommon trap: reason=bimorphic action=maybe_recompile pc=0x00000000031db648 method=sun.nio.cs.StreamEncoder.writeBytes()V @ 120
Event: 4138.128 Thread 0x000000000ea23800 Uncommon trap: reason=class_check action=maybe_recompile pc=0x000000000330e3a0 method=org.codehaus.groovy.util.ReferenceManager$1.removeStallEntries()V @ 44
Event: 4146.588 Thread 0x000000000ea20800 Uncommon trap: reason=null_check action=make_not_entrant pc=0x0000000003448ec8 method=org.gradle.api.internal.tasks.DefaultTaskInputs.avoidGString(Ljava/lang/Object;)Ljava/lang/Object; @ 1
Event: 5054.495 Thread 0x000000000ea24800 Uncommon trap: reason=class_check action=maybe_recompile pc=0x000000000330e3a0 method=org.codehaus.groovy.util.ReferenceManager$1.removeStallEntries()V @ 44
Event: 5057.646 Thread 0x000000000ea24800 Uncommon trap: reason=unreached action=reinterpret pc=0x00000000030dcad8 method=org.codehaus.groovy.util.AbstractConcurrentMapBase$Segment.rehash()V @ 59
Event: 5058.143 Thread 0x000000000ea24800 Uncommon trap: reason=array_check action=maybe_recompile pc=0x0000000003462b94 method=org.codehaus.groovy.reflection.ParameterTypes.makeCommonArray([Ljava/lang/Object;ILjava/lang/Class;)Ljava/lang/Object; @ 46
Event: 5058.143 Thread 0x000000000ea24800 Uncommon trap: reason=array_check action=maybe_recompile pc=0x0000000003462b94 method=org.codehaus.groovy.reflection.ParameterTypes.makeCommonArray([Ljava/lang/Object;ILjava/lang/Class;)Ljava/lang/Object; @ 46
Event: 5058.145 Thread 0x000000000ea24800 Uncommon trap: reason=array_check action=maybe_recompile pc=0x0000000003462b94 method=org.codehaus.groovy.reflection.ParameterTypes.makeCommonArray([Ljava/lang/Object;ILjava/lang/Class;)Ljava/lang/Object; @ 46
Event: 5058.155 Thread 0x000000000ea24800 Uncommon trap: reason=array_check action=maybe_recompile pc=0x0000000003462b94 method=org.codehaus.groovy.reflection.ParameterTypes.makeCommonArray([Ljava/lang/Object;ILjava/lang/Class;)Ljava/lang/Object; @ 46

Internal exceptions (10 events):
Event: 5058.411 Thread 0x000000000ea24800 Threw 0x00000007e15cdc38 at C:\re\jdk7u75\1940\hotspot\src\share\vm\prims\jvm.cpp:1281
Event: 5058.411 Thread 0x000000000ea24800 Threw 0x00000007e15cf3d0 at C:\re\jdk7u75\1940\hotspot\src\share\vm\prims\jvm.cpp:1281
Event: 5058.411 Thread 0x000000000ea24800 Threw 0x00000007e15d09b0 at C:\re\jdk7u75\1940\hotspot\src\share\vm\prims\jvm.cpp:1281
Event: 5058.411 Thread 0x000000000ea24800 Threw 0x00000007e15d7e48 at C:\re\jdk7u75\1940\hotspot\src\share\vm\prims\jvm.cpp:1281
Event: 5058.411 Thread 0x000000000ea24800 Threw 0x00000007e15d8728 at C:\re\jdk7u75\1940\hotspot\src\share\vm\classfile\systemDictionary.cpp:185
Event: 5058.412 Thread 0x000000000ea24800 Threw 0x00000007e15f59d0 at C:\re\jdk7u75\1940\hotspot\src\share\vm\prims\jvm.cpp:1281
Event: 5058.412 Thread 0x000000000ea24800 Threw 0x00000007e15f7220 at C:\re\jdk7u75\1940\hotspot\src\share\vm\prims\jvm.cpp:1281
Event: 5058.412 Thread 0x000000000ea24800 Threw 0x00000007e15f88a8 at C:\re\jdk7u75\1940\hotspot\src\share\vm\prims\jvm.cpp:1281
Event: 5058.412 Thread 0x000000000ea24800 Threw 0x00000007e16009a8 at C:\re\jdk7u75\1940\hotspot\src\share\vm\prims\jvm.cpp:1281
Event: 5058.412 Thread 0x000000000ea24800 Threw 0x00000007e1601298 at C:\re\jdk7u75\1940\hotspot\src\share\vm\classfile\systemDictionary.cpp:185

Events (10 events):
Event: 5058.411 loading class 0x000000000f40b240
Event: 5058.411 loading class 0x000000000f40b240 done
Event: 5058.411 loading class 0x000000000f40b0c0
Event: 5058.411 loading class 0x000000000f40b0c0 done
Event: 5058.411 loading class 0x000000000f40b0c0
Event: 5058.411 loading class 0x000000000f40b0c0 done
Event: 5058.412 loading class 0x000000000e4a0d40
Event: 5058.412 loading class 0x000000000e4a0d40 done
Event: 5058.412 loading class 0x000000000e4a0d40
Event: 5058.412 loading class 0x000000000e4a0d40 done


Dynamic libraries:
0x000000013f240000 - 0x000000013f273000 	C:\Program Files\Java\jdk1.7.0_75\bin\java.exe
0x00000000777f0000 - 0x0000000077998000 	C:\Windows\SYSTEM32\ntdll.dll
0x00000000776d0000 - 0x00000000777ef000 	C:\Windows\system32\kernel32.dll
0x000007fefd500000 - 0x000007fefd56c000 	C:\Windows\system32\KERNELBASE.dll
0x000007feffa20000 - 0x000007feffafb000 	C:\Windows\system32\ADVAPI32.dll
0x000007fefeae0000 - 0x000007fefeb7f000 	C:\Windows\system32\msvcrt.dll
0x000007fefd890000 - 0x000007fefd8af000 	C:\Windows\SYSTEM32\sechost.dll
0x000007fefe330000 - 0x000007fefe45d000 	C:\Windows\system32\RPCRT4.dll
0x00000000775d0000 - 0x00000000776ca000 	C:\Windows\system32\USER32.dll
0x000007fefe6e0000 - 0x000007fefe747000 	C:\Windows\system32\GDI32.dll
0x000007fefd8b0000 - 0x000007fefd8be000 	C:\Windows\system32\LPK.dll
0x000007fefe750000 - 0x000007fefe819000 	C:\Windows\system32\USP10.dll
0x000007fefbb50000 - 0x000007fefbd44000 	C:\Windows\WinSxS\amd64_microsoft.windows.common-controls_6595b64144ccf1df_6.0.7601.18807_none_fa381d5f175bfb52\COMCTL32.dll
0x000007fefec10000 - 0x000007fefec81000 	C:\Windows\system32\SHLWAPI.dll
0x000007fefe1f0000 - 0x000007fefe21e000 	C:\Windows\system32\IMM32.DLL
0x000007fefe220000 - 0x000007fefe329000 	C:\Windows\system32\MSCTF.dll
0x00000000613e0000 - 0x00000000614b2000 	C:\Program Files\Java\jdk1.7.0_75\jre\bin\msvcr100.dll
0x0000000063a70000 - 0x0000000064244000 	C:\Program Files\Java\jdk1.7.0_75\jre\bin\server\jvm.dll
0x000007fefb290000 - 0x000007fefb299000 	C:\Windows\system32\WSOCK32.dll
0x000007fefea90000 - 0x000007fefeadd000 	C:\Windows\system32\WS2_32.dll
0x000007fefd880000 - 0x000007fefd888000 	C:\Windows\system32\NSI.dll
0x000007fefd570000 - 0x000007fefd5ab000 	C:\Windows\system32\WINMM.dll
0x00000000779c0000 - 0x00000000779c7000 	C:\Windows\system32\PSAPI.DLL
0x000000006f350000 - 0x000000006f35f000 	C:\Program Files\Java\jdk1.7.0_75\jre\bin\verify.dll
0x000000006d470000 - 0x000000006d498000 	C:\Program Files\Java\jdk1.7.0_75\jre\bin\java.dll
0x000000006e0a0000 - 0x000000006e0b5000 	C:\Program Files\Java\jdk1.7.0_75\jre\bin\zip.dll
0x000000006df50000 - 0x000000006df69000 	C:\Program Files\Java\jdk1.7.0_75\jre\bin\net.dll
0x000007fefcb20000 - 0x000007fefcb75000 	C:\Windows\system32\mswsock.dll
0x000007fefcb10000 - 0x000007fefcb17000 	C:\Windows\System32\wship6.dll
0x000000006df70000 - 0x000000006df81000 	C:\Program Files\Java\jdk1.7.0_75\jre\bin\nio.dll
0x000007fefcb80000 - 0x000007fefcb98000 	C:\Windows\system32\CRYPTSP.dll
0x000007fefc880000 - 0x000007fefc8c7000 	C:\Windows\system32\rsaenh.dll
0x000007fefd3d0000 - 0x000007fefd3ee000 	C:\Windows\system32\USERENV.dll
0x000007fefd380000 - 0x000007fefd38f000 	C:\Windows\system32\profapi.dll
0x000007fefd220000 - 0x000007fefd22f000 	C:\Windows\system32\CRYPTBASE.dll
0x000007fefaba0000 - 0x000007fefabc7000 	C:\Windows\system32\IPHLPAPI.DLL
0x000007fefab20000 - 0x000007fefab2b000 	C:\Windows\system32\WINNSI.DLL
0x000007fefa850000 - 0x000007fefa861000 	C:\Windows\system32\dhcpcsvc6.DLL
0x000007fefa7e0000 - 0x000007fefa7f8000 	C:\Windows\system32\dhcpcsvc.DLL
0x000007fef2540000 - 0x000007fef2552000 	C:\Users\Administrator\AppData\Local\Temp\native-platform3108798177485346386dir\native-platform.dll
0x000007fefd180000 - 0x000007fefd1d7000 	C:\Windows\system32\apphelp.dll
0x000007fef00a0000 - 0x000007fef01c5000 	C:\Windows\system32\dbghelp.dll

VM Arguments:
jvm_args: -XX:MaxPermSize=512m -XX:+HeapDumpOnOutOfMemoryError -Xmx2048m -Dfile.encoding=UTF-8 -Duser.country=CN -Duser.language=zh -Duser.variant 
java_command: org.gradle.launcher.daemon.bootstrap.GradleDaemon 2.2.1 C:\Users\Administrator\.gradle\daemon 10800000 2100802a-1708-4c28-ace1-5b3a23bd1cba -XX:MaxPermSize=512m -XX:+HeapDumpOnOutOfMemoryError -Xmx2048m -Dfile.encoding=UTF-8 -Duser.country=CN -Duser.language=zh -Duser.variant
Launcher Type: SUN_STANDARD

Environment Variables:
JAVA_HOME=C:\Program Files\Java\jdk1.7.0_75
CLASSPATH=.;C:\Program Files\Java\jdk1.7.0_75\lib;C:\Program Files\Java\jdk1.7.0_75\lib\tools.jar
PATH=C:\Program Files (x86)\Microsoft Visual Studio 10.0\VC\bin;C:\Program Files (x86)\Common Files\Microsoft Shared\Windows Live;C:\Program Files (x86)\NVIDIA Corporation\PhysX\Common;C:\Windows\system32;C:\Windows;C:\Windows\System32\Wbem;C:\Windows\System32\WindowsPowerShell\v1.0\;D:\Program Files (x86)\Microsoft SQL Server\100\Tools\Binn\;D:\Program Files\Microsoft SQL Server\100\Tools\Binn\;D:\Program Files\Microsoft SQL Server\100\DTS\Binn\;D:\Program Files (x86)\Microsoft SQL Server\100\Tools\Binn\VSShell\Common7\IDE\;D:\Program Files (x86)\Microsoft SQL Server\100\DTS\Binn\;D:\MATLAB7\bin\win32;C:\Program Files (x86)\Common Files\Ulead Systems\MPEG;D:\Program Files (x86)\QuickTime\QTSystem\;C:\Program Files (x86)\Java\jdk1.6.0_45\bin;C:\Python27;D:\adt-bundle-windows-x86-20130729\adt-bundle-windows-x86-20130729\sdk\platform-tools;D:\MinGW\bin;E:\opencv\build\x86\vc10\bin;C:\Program Files\Microsoft SQL Server\110\Tools\Binn\;D:\Program Files (x86)\nodejs\;E:\MyTools\Android\cocos2d\cocos2d-x-3.2\cocos2d-x-3.2\tools\cocos2d-console\bin;C:\Python27;D:\adt-bundle-windows-x86-20130729\adt-bundle-windows-x86-20130729\sdk\platform-tools;D:\MinGW\bin;E:\opencv\build\x86\vc10\bin;D:\Qt\4.8.3\bin;D:\dev\bin;E:\opencv\build\x86\vc10\bin;E:\opencv\build\x86\vc10\bin;D:\MongoDB\bin;E:\MyTools\cocos2d-x-2.2.6\tools\project-creator;C:\Program Files\Java\jdk1.7.0_75\bin;C:\Users\Administrator\AppData\Roaming\npm
USERNAME=GaverChou
OS=Windows_NT
PROCESSOR_IDENTIFIER=AMD64 Family 18 Model 1 Stepping 0, AuthenticAMD



---------------  S Y S T E M  ---------------

OS: Windows 7 , 64 bit Build 7601 Service Pack 1

CPU:total 4 (4 cores per cpu, 1 threads per core) family 18 model 1 stepping 0, cmov, cx8, fxsr, mmx, sse, sse2, sse3, popcnt, mmxext, 3dnowpref, lzcnt, sse4a, tsc, tscinvbit, tscinv

Memory: 4k page, physical 8385976k(1595784k free), swap 8384124k(5128k free)

vm_info: Java HotSpot(TM) 64-Bit Server VM (24.75-b04) for windows-amd64 JRE (1.7.0_75-b13), built on Dec 18 2014 17:15:01 by "java_re" with unknown MS VC++:1600

time: Sat Jun 06 00:05:45 2015
elapsed time: 5058 seconds

